<?xml version="1.0" encoding="UTF-8"?>
<!-- Generated by org.testng.reporters.JUnitXMLReporter -->
<testsuite ignored="0" hostname="DESKTOP-71VF8NF" failures="0" tests="3" name="MyTest" time="23.755" errors="0" timestamp="2023-12-05T18:07:15 IST">
  <testcase classname="testcase.Login_demo" name="demoLogin" time="1.968"/>
  <testcase classname="testcase.Login_demo" name="verifyTheUserIsAbleToRegister" time="3.016"/>
  <testcase classname="testcase.TabletsAddToCart" name="tabletsToCart" time="3.196"/>
</testsuite> <!-- MyTest -->
