<?xml version="1.0" encoding="UTF-8"?>
<!-- Generated by org.testng.reporters.JUnitXMLReporter -->
<testsuite ignored="0" hostname="DESKTOP-71VF8NF" failures="0" tests="4" name="Test1" time="30.547" errors="0" timestamp="2023-11-23T16:48:51 IST">
  <testcase classname="testcase.Login_demo" name="demoLogin" time="2.056"/>
  <testcase classname="testcase.Login_demo" name="verifyTheUserIsAbleToRegister" time="3.296"/>
  <testcase classname="testcase.searchitem" name="verifyTheUserSearch" time="0.909"/>
  <testcase classname="testcase.addtocart" name="VerifyUserIsAbleToAddToCart" time="2.007"/>
</testsuite> <!-- Test1 -->
